# JRE version: OpenJDK Runtime Environment (18.0.2.1+1) (build 18.0.2.1+1-1)
# Java VM: OpenJDK 64-Bit Server VM (18.0.2.1+1-1, mixed mode, sharing, tiered, compressed oops, compressed class ptrs, g1 gc, windows-amd64)
GC Precious Log:
 CardTable entry size: 512
 Card Set container configuration: InlinePtr #cards 5 size 8 Array Of Cards #cards 12 size 40 Howl #buckets 4 coarsen threshold 1843 Howl Bitmap #cards 512 size 80 coarsen threshold 460 Card regions per heap region 1 cards per card region 2048
 CPUs: 4 total, 4 available
 Memory: 3961M
 Large Page Support: Disabled
 NUMA Support: Disabled
 Compressed Oops: Enabled (32-bit)
 Heap Region Size: 1M
 Heap Min Capacity: 8M
 Heap Initial Capacity: 62M
 Heap Max Capacity: 2G
 Pre-touch: Disabled
 Parallel Workers: 4
 Concurrent Workers: 1
 Concurrent Refinement Workers: 4
 Periodic GC: Disabled
Heap:
 garbage-first heap   total 400384K, used 305152K [0x0000000080000000, 0x0000000100000000)
  region size 1024K, 4 young (4096K), 4 survivors (4096K)
 Metaspace       used 105326K, committed 107200K, reserved 1179648K
  class space    used 13635K, committed 14592K, reserved 1048576K
GC Heap History (20 events):
Event: 166.558 GC heap after
{Heap after GC invocations=112 (full 0):
 garbage-first heap   total 400384K, used 170416K [0x0000000080000000, 0x0000000100000000)
  region size 1024K, 9 young (9216K), 9 survivors (9216K)
 Metaspace       used 104110K, committed 105984K, reserved 1179648K
  class space    used 13507K, committed 14464K, reserved 1048576K
}
Event: 168.289 GC heap before
{Heap before GC invocations=112 (full 0):
 garbage-first heap   total 400384K, used 349616K [0x0000000080000000, 0x0000000100000000)
  region size 1024K, 184 young (188416K), 9 survivors (9216K)
 Metaspace       used 104113K, committed 105984K, reserved 1179648K
  class space    used 13507K, committed 14464K, reserved 1048576K
}
Event: 168.310 GC heap after
{Heap after GC invocations=113 (full 0):
 garbage-first heap   total 400384K, used 171440K [0x0000000080000000, 0x0000000100000000)
  region size 1024K, 10 young (10240K), 10 survivors (10240K)
 Metaspace       used 104113K, committed 105984K, reserved 1179648K
  class space    used 13507K, committed 14464K, reserved 1048576K
}
Event: 169.563 GC heap before
{Heap before GC invocations=113 (full 0):
 garbage-first heap   total 400384K, used 348592K [0x0000000080000000, 0x0000000100000000)
  region size 1024K, 183 young (187392K), 10 survivors (10240K)
 Metaspace       used 104113K, committed 105984K, reserved 1179648K
  class space    used 13507K, committed 14464K, reserved 1048576K
}
Event: 169.587 GC heap after
{Heap after GC invocations=114 (full 0):
 garbage-first heap   total 400384K, used 172353K [0x0000000080000000, 0x0000000100000000)
  region size 1024K, 11 young (11264K), 11 survivors (11264K)
 Metaspace       used 104113K, committed 105984K, reserved 1179648K
  class space    used 13507K, committed 14464K, reserved 1048576K
}
Event: 171.035 GC heap before
{Heap before GC invocations=114 (full 0):
 garbage-first heap   total 400384K, used 347457K [0x0000000080000000, 0x0000000100000000)
  region size 1024K, 182 young (186368K), 11 survivors (11264K)
 Metaspace       used 104166K, committed 106048K, reserved 1179648K
  class space    used 13514K, committed 14464K, reserved 1048576K
}
Event: 171.069 GC heap after
{Heap after GC invocations=115 (full 0):
 garbage-first heap   total 400384K, used 176029K [0x0000000080000000, 0x0000000100000000)
  region size 1024K, 15 young (15360K), 15 survivors (15360K)
 Metaspace       used 104166K, committed 106048K, reserved 1179648K
  class space    used 13514K, committed 14464K, reserved 1048576K
}
Event: 178.932 GC heap before
{Heap before GC invocations=115 (full 0):
 garbage-first heap   total 400384K, used 237469K [0x0000000080000000, 0x0000000100000000)
  region size 1024K, 68 young (69632K), 15 survivors (15360K)
 Metaspace       used 104462K, committed 106368K, reserved 1179648K
  class space    used 13542K, committed 14528K, reserved 1048576K
}
Event: 179.019 GC heap after
{Heap after GC invocations=116 (full 0):
 garbage-first heap   total 400384K, used 173202K [0x0000000080000000, 0x0000000100000000)
  region size 1024K, 6 young (6144K), 6 survivors (6144K)
 Metaspace       used 104462K, committed 106368K, reserved 1179648K
  class space    used 13542K, committed 14528K, reserved 1048576K
}
Event: 185.287 GC heap before
{Heap before GC invocations=116 (full 0):
 garbage-first heap   total 400384K, used 188562K [0x0000000080000000, 0x0000000100000000)
  region size 1024K, 15 young (15360K), 6 survivors (6144K)
 Metaspace       used 104799K, committed 106688K, reserved 1179648K
  class space    used 13593K, committed 14528K, reserved 1048576K
}
Event: 185.328 GC heap after
{Heap after GC invocations=117 (full 0):
 garbage-first heap   total 400384K, used 188919K [0x0000000080000000, 0x0000000100000000)
  region size 1024K, 14 young (14336K), 14 survivors (14336K)
 Metaspace       used 104799K, committed 106688K, reserved 1179648K
  class space    used 13593K, committed 14528K, reserved 1048576K
}
Event: 186.143 GC heap before
{Heap before GC invocations=117 (full 0):
 garbage-first heap   total 400384K, used 298487K [0x0000000080000000, 0x0000000100000000)
  region size 1024K, 94 young (96256K), 14 survivors (14336K)
 Metaspace       used 104986K, committed 106880K, reserved 1179648K
  class space    used 13621K, committed 14592K, reserved 1048576K
}
Event: 186.231 GC heap after
{Heap after GC invocations=118 (full 0):
 garbage-first heap   total 400384K, used 230727K [0x0000000080000000, 0x0000000100000000)
  region size 1024K, 12 young (12288K), 12 survivors (12288K)
 Metaspace       used 104986K, committed 106880K, reserved 1179648K
  class space    used 13621K, committed 14592K, reserved 1048576K
}
Event: 186.766 GC heap before
{Heap before GC invocations=118 (full 0):
 garbage-first heap   total 400384K, used 293191K [0x0000000080000000, 0x0000000100000000)
  region size 1024K, 73 young (74752K), 12 survivors (12288K)
 Metaspace       used 105265K, committed 107136K, reserved 1179648K
  class space    used 13634K, committed 14592K, reserved 1048576K
}
Event: 186.881 GC heap after
{Heap after GC invocations=119 (full 0):
 garbage-first heap   total 400384K, used 262144K [0x0000000080000000, 0x0000000100000000)
  region size 1024K, 10 young (10240K), 10 survivors (10240K)
 Metaspace       used 105265K, committed 107136K, reserved 1179648K
  class space    used 13634K, committed 14592K, reserved 1048576K
}
Event: 187.176 GC heap before
{Heap before GC invocations=119 (full 0):
 garbage-first heap   total 400384K, used 307200K [0x0000000080000000, 0x0000000100000000)
  region size 1024K, 54 young (55296K), 10 survivors (10240K)
 Metaspace       used 105266K, committed 107136K, reserved 1179648K
  class space    used 13634K, committed 14592K, reserved 1048576K
}
Event: 187.237 GC heap after
{Heap after GC invocations=120 (full 0):
 garbage-first heap   total 400384K, used 285184K [0x0000000080000000, 0x0000000100000000)
  region size 1024K, 7 young (7168K), 7 survivors (7168K)
 Metaspace       used 105266K, committed 107136K, reserved 1179648K
  class space    used 13634K, committed 14592K, reserved 1048576K
}
Event: 187.543 GC heap before
{Heap before GC invocations=120 (full 0):
 garbage-first heap   total 400384K, used 316928K [0x0000000080000000, 0x0000000100000000)
  region size 1024K, 39 young (39936K), 7 survivors (7168K)
 Metaspace       used 105323K, committed 107200K, reserved 1179648K
  class space    used 13635K, committed 14592K, reserved 1048576K
}
Event: 187.576 GC heap after
{Heap after GC invocations=121 (full 0):
 garbage-first heap   total 400384K, used 299648K [0x0000000080000000, 0x0000000100000000)
  region size 1024K, 5 young (5120K), 5 survivors (5120K)
 Metaspace       used 105323K, committed 107200K, reserved 1179648K
  class space    used 13635K, committed 14592K, reserved 1048576K
}
Event: 187.720 GC heap before
{Heap before GC invocations=121 (full 0):
 garbage-first heap   total 400384K, used 325248K [0x0000000080000000, 0x0000000100000000)
  region size 1024K, 31 young (31744K), 5 survivors (5120K)
 Metaspace       used 105326K, committed 107200K, reserved 1179648K
  class space    used 13635K, committed 14592K, reserved 1048576K
}

