# JRE version: OpenJDK Runtime Environment (18.0.2.1+1) (build 18.0.2.1+1-1)
# Java VM: OpenJDK 64-Bit Server VM (18.0.2.1+1-1, mixed mode, sharing, tiered, compressed oops, compressed class ptrs, g1 gc, windows-amd64)
GC Precious Log:
 CardTable entry size: 512
 Card Set container configuration: InlinePtr #cards 5 size 8 Array Of Cards #cards 12 size 40 Howl #buckets 4 coarsen threshold 1843 Howl Bitmap #cards 512 size 80 coarsen threshold 460 Card regions per heap region 1 cards per card region 2048
 CPUs: 4 total, 4 available
 Memory: 3961M
 Large Page Support: Disabled
 NUMA Support: Disabled
 Compressed Oops: Enabled (32-bit)
 Heap Region Size: 1M
 Heap Min Capacity: 8M
 Heap Initial Capacity: 62M
 Heap Max Capacity: 2G
 Pre-touch: Disabled
 Parallel Workers: 4
 Concurrent Workers: 1
 Concurrent Refinement Workers: 4
 Periodic GC: Disabled
Heap:
 garbage-first heap   total 409600K, used 180935K [0x0000000080000000, 0x0000000100000000)
  region size 1024K, 2 young (2048K), 2 survivors (2048K)
 Metaspace       used 138362K, committed 140608K, reserved 1179648K
  class space    used 17692K, committed 18880K, reserved 1048576K
GC Heap History (20 events):
Event: 799.839 GC heap after
{Heap after GC invocations=109 (full 0):
 garbage-first heap   total 276480K, used 215296K [0x0000000080000000, 0x0000000100000000)
  region size 1024K, 4 young (4096K), 4 survivors (4096K)
 Metaspace       used 138094K, committed 140288K, reserved 1179648K
  class space    used 17667K, committed 18816K, reserved 1048576K
}
Event: 799.985 GC heap before
{Heap before GC invocations=109 (full 0):
 garbage-first heap   total 276480K, used 237824K [0x0000000080000000, 0x0000000100000000)
  region size 1024K, 26 young (26624K), 4 survivors (4096K)
 Metaspace       used 138113K, committed 140288K, reserved 1179648K
  class space    used 17667K, committed 18816K, reserved 1048576K
}
Event: 800.001 GC heap after
{Heap after GC invocations=110 (full 0):
 garbage-first heap   total 276480K, used 219744K [0x0000000080000000, 0x0000000100000000)
  region size 1024K, 4 young (4096K), 4 survivors (4096K)
 Metaspace       used 138113K, committed 140288K, reserved 1179648K
  class space    used 17667K, committed 18816K, reserved 1048576K
}
Event: 800.367 GC heap before
{Heap before GC invocations=110 (full 0):
 garbage-first heap   total 276480K, used 239200K [0x0000000080000000, 0x0000000100000000)
  region size 1024K, 23 young (23552K), 4 survivors (4096K)
 Metaspace       used 138235K, committed 140480K, reserved 1179648K
  class space    used 17680K, committed 18880K, reserved 1048576K
}
Event: 800.379 GC heap after
{Heap after GC invocations=111 (full 0):
 garbage-first heap   total 276480K, used 221383K [0x0000000080000000, 0x0000000100000000)
  region size 1024K, 2 young (2048K), 2 survivors (2048K)
 Metaspace       used 138235K, committed 140480K, reserved 1179648K
  class space    used 17680K, committed 18880K, reserved 1048576K
}
Event: 800.621 GC heap before
{Heap before GC invocations=111 (full 0):
 garbage-first heap   total 276480K, used 239815K [0x0000000080000000, 0x0000000100000000)
  region size 1024K, 20 young (20480K), 2 survivors (2048K)
 Metaspace       used 138282K, committed 140544K, reserved 1179648K
  class space    used 17680K, committed 18880K, reserved 1048576K
}
Event: 800.629 GC heap after
{Heap after GC invocations=112 (full 0):
 garbage-first heap   total 408576K, used 221269K [0x0000000080000000, 0x0000000100000000)
  region size 1024K, 2 young (2048K), 2 survivors (2048K)
 Metaspace       used 138282K, committed 140544K, reserved 1179648K
  class space    used 17680K, committed 18880K, reserved 1048576K
}
Event: 821.703 GC heap before
{Heap before GC invocations=113 (full 0):
 garbage-first heap   total 409600K, used 317525K [0x0000000080000000, 0x0000000100000000)
  region size 1024K, 111 young (113664K), 2 survivors (2048K)
 Metaspace       used 138325K, committed 140544K, reserved 1179648K
  class space    used 17688K, committed 18880K, reserved 1048576K
}
Event: 823.660 GC heap after
{Heap after GC invocations=114 (full 0):
 garbage-first heap   total 409600K, used 206536K [0x0000000080000000, 0x0000000100000000)
  region size 1024K, 2 young (2048K), 2 survivors (2048K)
 Metaspace       used 138325K, committed 140544K, reserved 1179648K
  class space    used 17688K, committed 18880K, reserved 1048576K
}
Event: 824.485 GC heap before
{Heap before GC invocations=114 (full 0):
 garbage-first heap   total 409600K, used 224968K [0x0000000080000000, 0x0000000100000000)
  region size 1024K, 20 young (20480K), 2 survivors (2048K)
 Metaspace       used 138328K, committed 140544K, reserved 1179648K
  class space    used 17692K, committed 18880K, reserved 1048576K
}
Event: 824.499 GC heap after
{Heap after GC invocations=115 (full 0):
 garbage-first heap   total 409600K, used 202487K [0x0000000080000000, 0x0000000100000000)
  region size 1024K, 1 young (1024K), 1 survivors (1024K)
 Metaspace       used 138328K, committed 140544K, reserved 1179648K
  class space    used 17692K, committed 18880K, reserved 1048576K
}
Event: 825.272 GC heap before
{Heap before GC invocations=115 (full 0):
 garbage-first heap   total 409600K, used 221943K [0x0000000080000000, 0x0000000100000000)
  region size 1024K, 20 young (20480K), 1 survivors (1024K)
 Metaspace       used 138335K, committed 140544K, reserved 1179648K
  class space    used 17692K, committed 18880K, reserved 1048576K
}
Event: 825.279 GC heap after
{Heap after GC invocations=116 (full 0):
 garbage-first heap   total 409600K, used 198475K [0x0000000080000000, 0x0000000100000000)
  region size 1024K, 1 young (1024K), 1 survivors (1024K)
 Metaspace       used 138335K, committed 140544K, reserved 1179648K
  class space    used 17692K, committed 18880K, reserved 1048576K
}
Event: 825.382 GC heap before
{Heap before GC invocations=116 (full 0):
 garbage-first heap   total 409600K, used 217931K [0x0000000080000000, 0x0000000100000000)
  region size 1024K, 20 young (20480K), 1 survivors (1024K)
 Metaspace       used 138349K, committed 140544K, reserved 1179648K
  class space    used 17692K, committed 18880K, reserved 1048576K
}
Event: 825.386 GC heap after
{Heap after GC invocations=117 (full 0):
 garbage-first heap   total 409600K, used 194533K [0x0000000080000000, 0x0000000100000000)
  region size 1024K, 1 young (1024K), 1 survivors (1024K)
 Metaspace       used 138349K, committed 140544K, reserved 1179648K
  class space    used 17692K, committed 18880K, reserved 1048576K
}
Event: 825.504 GC heap before
{Heap before GC invocations=117 (full 0):
 garbage-first heap   total 409600K, used 213989K [0x0000000080000000, 0x0000000100000000)
  region size 1024K, 20 young (20480K), 1 survivors (1024K)
 Metaspace       used 138355K, committed 140544K, reserved 1179648K
  class space    used 17692K, committed 18880K, reserved 1048576K
}
Event: 825.511 GC heap after
{Heap after GC invocations=118 (full 0):
 garbage-first heap   total 409600K, used 190839K [0x0000000080000000, 0x0000000100000000)
  region size 1024K, 2 young (2048K), 2 survivors (2048K)
 Metaspace       used 138355K, committed 140544K, reserved 1179648K
  class space    used 17692K, committed 18880K, reserved 1048576K
}
Event: 825.631 GC heap before
{Heap before GC invocations=118 (full 0):
 garbage-first heap   total 409600K, used 209271K [0x0000000080000000, 0x0000000100000000)
  region size 1024K, 20 young (20480K), 2 survivors (2048K)
 Metaspace       used 138362K, committed 140608K, reserved 1179648K
  class space    used 17692K, committed 18880K, reserved 1048576K
}
Event: 825.639 GC heap after
{Heap after GC invocations=119 (full 0):
 garbage-first heap   total 409600K, used 185177K [0x0000000080000000, 0x0000000100000000)
  region size 1024K, 2 young (2048K), 2 survivors (2048K)
 Metaspace       used 138362K, committed 140608K, reserved 1179648K
  class space    used 17692K, committed 18880K, reserved 1048576K
}
Event: 825.728 GC heap before
{Heap before GC invocations=119 (full 0):
 garbage-first heap   total 409600K, used 203609K [0x0000000080000000, 0x0000000100000000)
  region size 1024K, 20 young (20480K), 2 survivors (2048K)
 Metaspace       used 138362K, committed 140608K, reserved 1179648K
  class space    used 17692K, committed 18880K, reserved 1048576K
}

